<?xml version="1.0" encoding="UTF-8"?>
<!-- Generated by org.testng.reporters.JUnitReportReporter -->
<testsuite skipped="0" hostname="DESKTOP-L1EA06Q" name="com.netcore.testScripts.IphoneSearchTest" tests="1" failures="0" timestamp="21 Feb 2021 16:10:23 GMT" time="3.894" errors="0">
  <testcase name="iPhoneSearchTest" time="3.894" classname="com.netcore.testScripts.IphoneSearchTest"/>
</testsuite> <!-- com.netcore.testScripts.IphoneSearchTest -->
