<?xml version="1.0" encoding="UTF-8"?>
<!-- Generated by org.testng.reporters.JUnitReportReporter -->
<testsuite skipped="0" hostname="DESKTOP-L1EA06Q" name="com.netcore.testScripts.IphoneSearchTest" tests="1" failures="0" timestamp="21 Feb 2021 08:12:31 GMT" time="9.291" errors="0">
  <testcase name="iPhoneSearchTest" time="9.291" classname="com.netcore.testScripts.IphoneSearchTest"/>
</testsuite> <!-- com.netcore.testScripts.IphoneSearchTest -->
